<?xml version="1.0" encoding="UTF-8"?>
<testsuite xmlns:xsi="http://www.w3.org/2001/XMLSchema-instance" xsi:noNamespaceSchemaLocation="https://maven.apache.org/surefire/maven-surefire-plugin/xsd/surefire-test-report-3.0.xsd" version="3.0" name="com.mro.common.core.util.SmCryptoRoundTripTest" time="0.485" tests="5" errors="0" skipped="0" failures="0">
  <properties>
[...]
</properties>
  <testcase name="sm4_chinese_chars_roundtrip" classname="com.mro.common.core.util.SmCryptoRoundTripTest" time="0.257"/>
  <testcase name="hmac_sm3_sign_verify" classname="com.mro.common.core.util.SmCryptoRoundTripTest" time="0.003"/>
  <testcase name="sm2_encrypt_decrypt_sm4_key_hex_roundtrip" classname="com.mro.common.core.util.SmCryptoRoundTripTest" time="0.024"/>
  <testcase name="sm4_encrypt_decrypt_roundtrip" classname="com.mro.common.core.util.SmCryptoRoundTripTest" time="0.001"/>
  <testcase name="full_protocol_roundtrip_mobile_idcard" classname="com.mro.common.core.util.SmCryptoRoundTripTest" time="0.014"/>
</testsuite>